# JRE version: OpenJDK Runtime Environment Temurin-21.0.10+7 (21.0.10+7) (build 21.0.10+7-LTS)
# Java VM: OpenJDK 64-Bit Server VM Temurin-21.0.10+7 (21.0.10+7-LTS, mixed mode, sharing, tiered, compressed oops, compressed class ptrs, parallel gc, windows-amd64)
GC Precious Log:
 CardTable entry size: 512
 CPUs: 20 total, 20 available
 Memory: 16051M
 Large Page Support: Disabled
 NUMA Support: Disabled
 Compressed Oops: Enabled (32-bit)
 Alignments: Space 512K, Generation 512K, Heap 2M
 Heap Min Capacity: 100M
 Heap Initial Capacity: 100M
 Heap Max Capacity: 2G
 Pre-touch: Disabled
 Parallel Workers: 15
Heap:
 PSYoungGen      total 16896K, used 15715K [0x00000000d5580000, 0x00000000d6980000, 0x0000000100000000)
  eden space 15360K, 92% used [0x00000000d5580000,0x00000000d6370e78,0x00000000d6480000)
  from space 1536K, 93% used [0x00000000d6480000,0x00000000d65e8000,0x00000000d6600000)
  to   space 2560K, 0% used [0x00000000d6700000,0x00000000d6700000,0x00000000d6980000)
 ParOldGen       total 1388544K, used 1388516K [0x0000000080000000, 0x00000000d4c00000, 0x00000000d5580000)
  object space 1388544K, 99% used [0x0000000080000000,0x00000000d4bf9270,0x00000000d4c00000)
 Metaspace       used 82018K, committed 83456K, reserved 1179648K
  class space    used 8082K, committed 8768K, reserved 1048576K
GC Heap History (20 events):
Event: 105126.924 GC heap before
{Heap before GC invocations=1314 (full 5):
 PSYoungGen      total 19968K, used 19920K [0x00000000d5580000, 0x00000000d6b00000, 0x0000000100000000)
  eden space 18944K, 99% used [0x00000000d5580000,0x00000000d67fffd0,0x00000000d6800000)
  from space 1024K, 95% used [0x00000000d6880000,0x00000000d6974030,0x00000000d6980000)
  to   space 1536K, 0% used [0x00000000d6980000,0x00000000d6980000,0x00000000d6b00000)
 ParOldGen       total 1373696K, used 1373412K [0x0000000080000000, 0x00000000d3d80000, 0x00000000d5580000)
  object space 1373696K, 99% used [0x0000000080000000,0x00000000d3d393f8,0x00000000d3d80000)
 Metaspace       used 79413K, committed 81024K, reserved 1179648K
  class space    used 7844K, committed 8640K, reserved 1048576K
}
Event: 105126.927 GC heap after
{Heap after GC invocations=1314 (full 5):
 PSYoungGen      total 18944K, used 1508K [0x00000000d5580000, 0x00000000d6e00000, 0x0000000100000000)
  eden space 17408K, 0% used [0x00000000d5580000,0x00000000d5580000,0x00000000d6680000)
  from space 1536K, 98% used [0x00000000d6980000,0x00000000d6af93b0,0x00000000d6b00000)
  to   space 3072K, 0% used [0x00000000d6680000,0x00000000d6680000,0x00000000d6980000)
 ParOldGen       total 1374720K, used 1374454K [0x0000000080000000, 0x00000000d3e80000, 0x00000000d5580000)
  object space 1374720K, 99% used [0x0000000080000000,0x00000000d3e3dbd8,0x00000000d3e80000)
 Metaspace       used 79413K, committed 81024K, reserved 1179648K
  class space    used 7844K, committed 8640K, reserved 1048576K
}
Event: 105126.945 GC heap before
{Heap before GC invocations=1315 (full 5):
 PSYoungGen      total 18944K, used 18916K [0x00000000d5580000, 0x00000000d6e00000, 0x0000000100000000)
  eden space 17408K, 100% used [0x00000000d5580000,0x00000000d6680000,0x00000000d6680000)
  from space 1536K, 98% used [0x00000000d6980000,0x00000000d6af93b0,0x00000000d6b00000)
  to   space 3072K, 0% used [0x00000000d6680000,0x00000000d6680000,0x00000000d6980000)
 ParOldGen       total 1374720K, used 1374454K [0x0000000080000000, 0x00000000d3e80000, 0x00000000d5580000)
  object space 1374720K, 99% used [0x0000000080000000,0x00000000d3e3dbd8,0x00000000d3e80000)
 Metaspace       used 79415K, committed 81024K, reserved 1179648K
  class space    used 7844K, committed 8640K, reserved 1048576K
}
Event: 105126.949 GC heap after
{Heap after GC invocations=1315 (full 5):
 PSYoungGen      total 19456K, used 1632K [0x00000000d5580000, 0x00000000d6a80000, 0x0000000100000000)
  eden space 17408K, 0% used [0x00000000d5580000,0x00000000d5580000,0x00000000d6680000)
  from space 2048K, 79% used [0x00000000d6680000,0x00000000d6818040,0x00000000d6880000)
  to   space 2048K, 0% used [0x00000000d6880000,0x00000000d6880000,0x00000000d6a80000)
 ParOldGen       total 1376256K, used 1375871K [0x0000000080000000, 0x00000000d4000000, 0x00000000d5580000)
  object space 1376256K, 99% used [0x0000000080000000,0x00000000d3f9ffe8,0x00000000d4000000)
 Metaspace       used 79415K, committed 81024K, reserved 1179648K
  class space    used 7844K, committed 8640K, reserved 1048576K
}
Event: 105126.967 GC heap before
{Heap before GC invocations=1316 (full 5):
 PSYoungGen      total 19456K, used 19040K [0x00000000d5580000, 0x00000000d6a80000, 0x0000000100000000)
  eden space 17408K, 100% used [0x00000000d5580000,0x00000000d6680000,0x00000000d6680000)
  from space 2048K, 79% used [0x00000000d6680000,0x00000000d6818040,0x00000000d6880000)
  to   space 2048K, 0% used [0x00000000d6880000,0x00000000d6880000,0x00000000d6a80000)
 ParOldGen       total 1376256K, used 1375871K [0x0000000080000000, 0x00000000d4000000, 0x00000000d5580000)
  object space 1376256K, 99% used [0x0000000080000000,0x00000000d3f9ffe8,0x00000000d4000000)
 Metaspace       used 79415K, committed 81024K, reserved 1179648K
  class space    used 7844K, committed 8640K, reserved 1048576K
}
Event: 105126.970 GC heap after
{Heap after GC invocations=1316 (full 5):
 PSYoungGen      total 19456K, used 1664K [0x00000000d5580000, 0x00000000d6a80000, 0x0000000100000000)
  eden space 17408K, 0% used [0x00000000d5580000,0x00000000d5580000,0x00000000d6680000)
  from space 2048K, 81% used [0x00000000d6880000,0x00000000d6a20020,0x00000000d6a80000)
  to   space 2048K, 0% used [0x00000000d6680000,0x00000000d6680000,0x00000000d6880000)
 ParOldGen       total 1377792K, used 1377421K [0x0000000080000000, 0x00000000d4180000, 0x00000000d5580000)
  object space 1377792K, 99% used [0x0000000080000000,0x00000000d4123528,0x00000000d4180000)
 Metaspace       used 79415K, committed 81024K, reserved 1179648K
  class space    used 7844K, committed 8640K, reserved 1048576K
}
Event: 105127.001 GC heap before
{Heap before GC invocations=1317 (full 5):
 PSYoungGen      total 19456K, used 19072K [0x00000000d5580000, 0x00000000d6a80000, 0x0000000100000000)
  eden space 17408K, 100% used [0x00000000d5580000,0x00000000d6680000,0x00000000d6680000)
  from space 2048K, 81% used [0x00000000d6880000,0x00000000d6a20020,0x00000000d6a80000)
  to   space 2048K, 0% used [0x00000000d6680000,0x00000000d6680000,0x00000000d6880000)
 ParOldGen       total 1377792K, used 1377421K [0x0000000080000000, 0x00000000d4180000, 0x00000000d5580000)
  object space 1377792K, 99% used [0x0000000080000000,0x00000000d4123528,0x00000000d4180000)
 Metaspace       used 79417K, committed 81024K, reserved 1179648K
  class space    used 7844K, committed 8640K, reserved 1048576K
}
Event: 105127.005 GC heap after
{Heap after GC invocations=1317 (full 5):
 PSYoungGen      total 19456K, used 2042K [0x00000000d5580000, 0x00000000d6e80000, 0x0000000100000000)
  eden space 17408K, 0% used [0x00000000d5580000,0x00000000d5580000,0x00000000d6680000)
  from space 2048K, 99% used [0x00000000d6680000,0x00000000d687e8d0,0x00000000d6880000)
  to   space 4096K, 0% used [0x00000000d6a80000,0x00000000d6a80000,0x00000000d6e80000)
 ParOldGen       total 1379328K, used 1379030K [0x0000000080000000, 0x00000000d4300000, 0x00000000d5580000)
  object space 1379328K, 99% used [0x0000000080000000,0x00000000d42b5868,0x00000000d4300000)
 Metaspace       used 79417K, committed 81024K, reserved 1179648K
  class space    used 7844K, committed 8640K, reserved 1048576K
}
Event: 105127.023 GC heap before
{Heap before GC invocations=1318 (full 5):
 PSYoungGen      total 19456K, used 19450K [0x00000000d5580000, 0x00000000d6e80000, 0x0000000100000000)
  eden space 17408K, 100% used [0x00000000d5580000,0x00000000d6680000,0x00000000d6680000)
  from space 2048K, 99% used [0x00000000d6680000,0x00000000d687e8d0,0x00000000d6880000)
  to   space 4096K, 0% used [0x00000000d6a80000,0x00000000d6a80000,0x00000000d6e80000)
 ParOldGen       total 1379328K, used 1379030K [0x0000000080000000, 0x00000000d4300000, 0x00000000d5580000)
  object space 1379328K, 99% used [0x0000000080000000,0x00000000d42b5868,0x00000000d4300000)
 Metaspace       used 79417K, committed 81024K, reserved 1179648K
  class space    used 7844K, committed 8640K, reserved 1048576K
}
Event: 105127.026 GC heap after
{Heap after GC invocations=1318 (full 5):
 PSYoungGen      total 19456K, used 1600K [0x00000000d5580000, 0x00000000d6c80000, 0x0000000100000000)
  eden space 17408K, 0% used [0x00000000d5580000,0x00000000d5580000,0x00000000d6680000)
  from space 2048K, 78% used [0x00000000d6a80000,0x00000000d6c10020,0x00000000d6c80000)
  to   space 2560K, 0% used [0x00000000d6780000,0x00000000d6780000,0x00000000d6a00000)
 ParOldGen       total 1381376K, used 1380994K [0x0000000080000000, 0x00000000d4500000, 0x00000000d5580000)
  object space 1381376K, 99% used [0x0000000080000000,0x00000000d44a0b08,0x00000000d4500000)
 Metaspace       used 79417K, committed 81024K, reserved 1179648K
  class space    used 7844K, committed 8640K, reserved 1048576K
}
Event: 105127.041 GC heap before
{Heap before GC invocations=1319 (full 5):
 PSYoungGen      total 19456K, used 19008K [0x00000000d5580000, 0x00000000d6c80000, 0x0000000100000000)
  eden space 17408K, 100% used [0x00000000d5580000,0x00000000d6680000,0x00000000d6680000)
  from space 2048K, 78% used [0x00000000d6a80000,0x00000000d6c10020,0x00000000d6c80000)
  to   space 2560K, 0% used [0x00000000d6780000,0x00000000d6780000,0x00000000d6a00000)
 ParOldGen       total 1381376K, used 1380994K [0x0000000080000000, 0x00000000d4500000, 0x00000000d5580000)
  object space 1381376K, 99% used [0x0000000080000000,0x00000000d44a0b08,0x00000000d4500000)
 Metaspace       used 79417K, committed 81024K, reserved 1179648K
  class space    used 7844K, committed 8640K, reserved 1048576K
}
Event: 105127.043 GC heap after
{Heap after GC invocations=1319 (full 5):
 PSYoungGen      total 19456K, used 1536K [0x00000000d5580000, 0x00000000d6b00000, 0x0000000100000000)
  eden space 17408K, 0% used [0x00000000d5580000,0x00000000d5580000,0x00000000d6680000)
  from space 2048K, 75% used [0x00000000d6780000,0x00000000d6900060,0x00000000d6980000)
  to   space 1536K, 0% used [0x00000000d6980000,0x00000000d6980000,0x00000000d6b00000)
 ParOldGen       total 1382912K, used 1382470K [0x0000000080000000, 0x00000000d4680000, 0x00000000d5580000)
  object space 1382912K, 99% used [0x0000000080000000,0x00000000d4611b58,0x00000000d4680000)
 Metaspace       used 79417K, committed 81024K, reserved 1179648K
  class space    used 7844K, committed 8640K, reserved 1048576K
}
Event: 105127.071 GC heap before
{Heap before GC invocations=1320 (full 5):
 PSYoungGen      total 19456K, used 18944K [0x00000000d5580000, 0x00000000d6b00000, 0x0000000100000000)
  eden space 17408K, 100% used [0x00000000d5580000,0x00000000d6680000,0x00000000d6680000)
  from space 2048K, 75% used [0x00000000d6780000,0x00000000d6900060,0x00000000d6980000)
  to   space 1536K, 0% used [0x00000000d6980000,0x00000000d6980000,0x00000000d6b00000)
 ParOldGen       total 1382912K, used 1382470K [0x0000000080000000, 0x00000000d4680000, 0x00000000d5580000)
  object space 1382912K, 99% used [0x0000000080000000,0x00000000d4611b58,0x00000000d4680000)
 Metaspace       used 79418K, committed 81024K, reserved 1179648K
  class space    used 7844K, committed 8640K, reserved 1048576K
}
Event: 105127.074 GC heap after
{Heap after GC invocations=1320 (full 5):
 PSYoungGen      total 18432K, used 1504K [0x00000000d5580000, 0x00000000d6d80000, 0x0000000100000000)
  eden space 16896K, 0% used [0x00000000d5580000,0x00000000d5580000,0x00000000d6600000)
  from space 1536K, 97% used [0x00000000d6980000,0x00000000d6af8020,0x00000000d6b00000)
  to   space 3584K, 0% used [0x00000000d6600000,0x00000000d6600000,0x00000000d6980000)
 ParOldGen       total 1384448K, used 1384055K [0x0000000080000000, 0x00000000d4800000, 0x00000000d5580000)
  object space 1384448K, 99% used [0x0000000080000000,0x00000000d479dfa0,0x00000000d4800000)
 Metaspace       used 79418K, committed 81024K, reserved 1179648K
  class space    used 7844K, committed 8640K, reserved 1048576K
}
Event: 105884.996 GC heap before
{Heap before GC invocations=1321 (full 5):
 PSYoungGen      total 18432K, used 18400K [0x00000000d5580000, 0x00000000d6d80000, 0x0000000100000000)
  eden space 16896K, 100% used [0x00000000d5580000,0x00000000d6600000,0x00000000d6600000)
  from space 1536K, 97% used [0x00000000d6980000,0x00000000d6af8020,0x00000000d6b00000)
  to   space 3584K, 0% used [0x00000000d6600000,0x00000000d6600000,0x00000000d6980000)
 ParOldGen       total 1384448K, used 1384055K [0x0000000080000000, 0x00000000d4800000, 0x00000000d5580000)
  object space 1384448K, 99% used [0x0000000080000000,0x00000000d479dfa0,0x00000000d4800000)
 Metaspace       used 80085K, committed 81600K, reserved 1179648K
  class space    used 7911K, committed 8640K, reserved 1048576K
}
Event: 105885.039 GC heap after
{Heap after GC invocations=1321 (full 5):
 PSYoungGen      total 18432K, used 1153K [0x00000000d5580000, 0x00000000d6a00000, 0x0000000100000000)
  eden space 16896K, 0% used [0x00000000d5580000,0x00000000d5580000,0x00000000d6600000)
  from space 1536K, 75% used [0x00000000d6600000,0x00000000d67205e0,0x00000000d6780000)
  to   space 2048K, 0% used [0x00000000d6800000,0x00000000d6800000,0x00000000d6a00000)
 ParOldGen       total 1385472K, used 1385400K [0x0000000080000000, 0x00000000d4900000, 0x00000000d5580000)
  object space 1385472K, 99% used [0x0000000080000000,0x00000000d48ee060,0x00000000d4900000)
 Metaspace       used 80085K, committed 81600K, reserved 1179648K
  class space    used 7911K, committed 8640K, reserved 1048576K
}
Event: 105885.122 GC heap before
{Heap before GC invocations=1322 (full 5):
 PSYoungGen      total 18432K, used 18049K [0x00000000d5580000, 0x00000000d6a00000, 0x0000000100000000)
  eden space 16896K, 100% used [0x00000000d5580000,0x00000000d6600000,0x00000000d6600000)
  from space 1536K, 75% used [0x00000000d6600000,0x00000000d67205e0,0x00000000d6780000)
  to   space 2048K, 0% used [0x00000000d6800000,0x00000000d6800000,0x00000000d6a00000)
 ParOldGen       total 1385472K, used 1385400K [0x0000000080000000, 0x00000000d4900000, 0x00000000d5580000)
  object space 1385472K, 99% used [0x0000000080000000,0x00000000d48ee060,0x00000000d4900000)
 Metaspace       used 80453K, committed 81920K, reserved 1179648K
  class space    used 7947K, committed 8640K, reserved 1048576K
}
Event: 105885.125 GC heap after
{Heap after GC invocations=1322 (full 5):
 PSYoungGen      total 17408K, used 2033K [0x00000000d5580000, 0x00000000d6d00000, 0x0000000100000000)
  eden space 15360K, 0% used [0x00000000d5580000,0x00000000d5580000,0x00000000d6480000)
  from space 2048K, 99% used [0x00000000d6800000,0x00000000d69fc5f8,0x00000000d6a00000)
  to   space 3584K, 0% used [0x00000000d6480000,0x00000000d6480000,0x00000000d6800000)
 ParOldGen       total 1387008K, used 1386574K [0x0000000080000000, 0x00000000d4a80000, 0x00000000d5580000)
  object space 1387008K, 99% used [0x0000000080000000,0x00000000d4a138b8,0x00000000d4a80000)
 Metaspace       used 80453K, committed 81920K, reserved 1179648K
  class space    used 7947K, committed 8640K, reserved 1048576K
}
Event: 105885.256 GC heap before
{Heap before GC invocations=1323 (full 5):
 PSYoungGen      total 17408K, used 17393K [0x00000000d5580000, 0x00000000d6d00000, 0x0000000100000000)
  eden space 15360K, 100% used [0x00000000d5580000,0x00000000d6480000,0x00000000d6480000)
  from space 2048K, 99% used [0x00000000d6800000,0x00000000d69fc5f8,0x00000000d6a00000)
  to   space 3584K, 0% used [0x00000000d6480000,0x00000000d6480000,0x00000000d6800000)
 ParOldGen       total 1387008K, used 1386574K [0x0000000080000000, 0x00000000d4a80000, 0x00000000d5580000)
  object space 1387008K, 99% used [0x0000000080000000,0x00000000d4a138b8,0x00000000d4a80000)
 Metaspace       used 81181K, committed 82624K, reserved 1179648K
  class space    used 8005K, committed 8640K, reserved 1048576K
}
Event: 105885.258 GC heap after
{Heap after GC invocations=1323 (full 5):
 PSYoungGen      total 16896K, used 1440K [0x00000000d5580000, 0x00000000d6980000, 0x0000000100000000)
  eden space 15360K, 0% used [0x00000000d5580000,0x00000000d5580000,0x00000000d6480000)
  from space 1536K, 93% used [0x00000000d6480000,0x00000000d65e8000,0x00000000d6600000)
  to   space 2560K, 0% used [0x00000000d6700000,0x00000000d6700000,0x00000000d6980000)
 ParOldGen       total 1388544K, used 1388516K [0x0000000080000000, 0x00000000d4c00000, 0x00000000d5580000)
  object space 1388544K, 99% used [0x0000000080000000,0x00000000d4bf9270,0x00000000d4c00000)
 Metaspace       used 81181K, committed 82624K, reserved 1179648K
  class space    used 8005K, committed 8640K, reserved 1048576K
}

